[0425 15:00:32 @logger.py:82] Log file set to /Users/semo/PycharmProjects/NerveNet/log/mujoco_CentipedeSix-v12023_04_25-15:00:29.log
[0425 15:00:32 @rollout_master_agent.py:155] [LOAD_CKPT] loading observation normalizer info
[0425 15:00:32 @model_saver.py:253] [LOAD/SAVE] checkpoint path is /Users/semo/PycharmProjects/NerveNet/tool/../checkpoint/cent6-mlp/CentipedeSix-v1_2023_04_25-01:31:08_2403_normalizer.npy
[0425 15:00:32 @model_saver.py:146] LOADING numpy variables
[0425 15:00:32 @model_saver.py:155] 		loading numpy pretrained parameters mean
[0425 15:00:32 @model_saver.py:155] 		loading numpy pretrained parameters variance
[0425 15:00:32 @model_saver.py:155] 		loading numpy pretrained parameters step
[0425 15:00:32 @model_saver.py:155] 		loading numpy pretrained parameters square_sum
[0425 15:00:32 @model_saver.py:155] 		loading numpy pretrained parameters sum
[0425 15:00:32 @rollout_agent.py:55] The sampler 0 is online
[0425 15:00:32 @rollout_agent.py:55] The sampler 1 is online
[0425 15:00:32 @rollout_agent.py:55] The sampler 2 is online
[0425 15:00:32 @rollout_agent.py:55] The sampler 3 is online
[0425 15:00:32 @rollout_agent.py:55] The sampler 4 is online
[0425 15:00:32 @summary_handler.py:44] summary write initialized, writing to /Users/semo/PycharmProjects/NerveNet/summary/CentipedeSix-v1_2023_04_25-15:00:29
[0425 15:00:32 @model_saver.py:253] [LOAD/SAVE] checkpoint path is checkpoint/cent6-mlp/CentipedeSix-v1_2023_04_25-01:31:08_2403_policy.npy
[0425 15:00:32 @model_saver.py:58] 	LOADING tensorflow variables
[0425 15:00:32 @model_saver.py:67] 		loading TF pretrained parameters trpo_agent_policy/policy_0/w:0
[0425 15:00:32 @model_saver.py:67] 		loading TF pretrained parameters trpo_agent_policy/policy_0/b:0
[0425 15:00:32 @model_saver.py:67] 		loading TF pretrained parameters trpo_agent_policy/policy_1/w:0
[0425 15:00:32 @model_saver.py:67] 		loading TF pretrained parameters trpo_agent_policy/policy_1/b:0
[0425 15:00:33 @model_saver.py:67] 		loading TF pretrained parameters trpo_agent_policy/policy_output/w:0
[0425 15:00:33 @model_saver.py:67] 		loading TF pretrained parameters trpo_agent_policy/policy_output/b:0
[0425 15:00:33 @model_saver.py:67] 		loading TF pretrained parameters trpo_agent_policy/policy_logstd:0
[0425 15:00:33 @model_saver.py:253] [LOAD/SAVE] checkpoint path is checkpoint/cent6-mlp/CentipedeSix-v1_2023_04_25-01:31:08_2403_baseline.npy
[0425 15:00:33 @model_saver.py:58] 	LOADING tensorflow variables
[0425 15:00:33 @model_saver.py:67] 		loading TF pretrained parameters trpo_agent_baseline/policy_0/w:0
[0425 15:00:33 @model_saver.py:67] 		loading TF pretrained parameters trpo_agent_baseline/policy_0/b:0
[0425 15:00:33 @model_saver.py:67] 		loading TF pretrained parameters trpo_agent_baseline/policy_1/w:0
[0425 15:00:33 @model_saver.py:67] 		loading TF pretrained parameters trpo_agent_baseline/policy_1/b:0
[0425 15:00:33 @model_saver.py:67] 		loading TF pretrained parameters trpo_agent_baseline/policy_output/w:0
[0425 15:00:33 @model_saver.py:67] 		loading TF pretrained parameters trpo_agent_baseline/policy_output/b:0
[0425 15:00:33 @optimization_agent.py:553] [LOAD_CKPT] saving files under the name of cent6-mlp/CentipedeSix-v1_2023_04_25-01:31:08_2403
[0425 15:00:33 @optimization_agent.py:557] [LOAD_CKPT] The normalizer is loaded in the rollout agents
[0425 15:01:02 @rollout_master_agent.py:119] Rollouts generating ...
[0425 15:01:02 @rollout_master_agent.py:121] 84443 time steps from 100 episodes collected
[0425 15:01:06 @optimization_agent.py:130] {'avg_reward': 3957.816646097691}
[0425 15:01:06 @main.py:77] ------------- Iteration 0 --------------
[0425 15:01:06 @main.py:80] total time: 0.55 mins
[0425 15:01:06 @main.py:82] optimization agent spent : 0.07 mins
[0425 15:01:06 @main.py:83] rollout agent spent : 0.48 mins
[0425 15:01:06 @main.py:85] 1000100 total steps have happened
[0425 15:01:06 @main.py:95] Test performance (100 rollouts): 3957.816646097691
[0425 15:01:06 @main.py:102] max: 5071.378788682454, min: -0.6294086942564834, median: 4641.208850265473
[0425 15:01:06 @rollout_agent.py:88] kill message for sampler 2
[0425 15:01:06 @rollout_agent.py:88] kill message for sampler 4
[0425 15:01:06 @rollout_agent.py:88] kill message for sampler 0
[0425 15:01:06 @rollout_agent.py:88] kill message for sampler 3
[0425 15:01:06 @rollout_agent.py:88] kill message for sampler 1
