[0425 14:52:03 @logger.py:82] Log file set to /Users/semo/PycharmProjects/NerveNet/log/mujoco_CentipedeTwelve-v12023_04_25-14:52:01.log
[0425 14:52:03 @rollout_master_agent.py:155] [LOAD_CKPT] loading observation normalizer info
[0425 14:52:03 @model_saver.py:253] [LOAD/SAVE] checkpoint path is /Users/semo/PycharmProjects/NerveNet/tool/../checkpoint/cent6-mlp/CentipedeSix-v1_2023_04_25-01:31:08_2403_normalizer.npy
[0425 14:52:03 @model_saver.py:146] LOADING numpy variables
[0425 14:52:03 @model_saver.py:155] 		loading numpy pretrained parameters mean
[0425 14:52:03 @model_saver.py:155] 		loading numpy pretrained parameters variance
[0425 14:52:03 @model_saver.py:155] 		loading numpy pretrained parameters step
[0425 14:52:03 @model_saver.py:155] 		loading numpy pretrained parameters square_sum
[0425 14:52:03 @model_saver.py:155] 		loading numpy pretrained parameters sum
[0425 14:52:03 @mujoco_parser.py:331] 17 joint found
[0425 14:52:03 @mujoco_parser.py:331] 15 body found
[0425 14:52:03 @mujoco_parser.py:489] scanning ob information...
[0425 14:52:03 @mujoco_parser.py:538] after qpos, the ob size is reaching 21
[0425 14:52:03 @mujoco_parser.py:538] after qvel, the ob size is reaching 43
[0425 14:52:03 @mujoco_parser.py:538] after cfrc, the ob size is reaching 139
[0425 14:52:03 @mujoco_parser.py:331] 35 joint found
[0425 14:52:03 @mujoco_parser.py:331] 30 body found
[0425 14:52:03 @mujoco_parser.py:489] scanning ob information...
[0425 14:52:03 @mujoco_parser.py:538] after qpos, the ob size is reaching 39
[0425 14:52:03 @mujoco_parser.py:538] after qvel, the ob size is reaching 79
[0425 14:52:03 @mujoco_parser.py:538] after cfrc, the ob size is reaching 265
[0425 14:52:03 @summary_handler.py:44] summary write initialized, writing to /Users/semo/PycharmProjects/NerveNet/summary/CentipedeTwelve-v1_2023_04_25-14:52:01
[0425 14:52:03 @rollout_agent.py:55] The sampler 0 is online
[0425 14:52:03 @rollout_agent.py:55] The sampler 1 is online
[0425 14:52:03 @rollout_agent.py:55] The sampler 2 is online
[0425 14:52:03 @rollout_agent.py:55] The sampler 3 is online
[0425 14:52:03 @rollout_agent.py:55] The sampler 4 is online
[0425 14:52:03 @rollout_agent.py:55] The sampler 5 is online
[0425 14:52:03 @rollout_agent.py:55] The sampler 6 is online
[0425 14:52:03 @rollout_agent.py:55] The sampler 7 is online
[0425 14:52:03 @rollout_agent.py:55] The sampler 8 is online
[0425 14:52:04 @model_saver.py:253] [LOAD/SAVE] checkpoint path is checkpoint/cent6-mlp/CentipedeSix-v1_2023_04_25-01:31:08_2403_policy.npy
[0425 14:52:04 @model_saver.py:58] 	LOADING tensorflow variables
[0425 14:52:04 @model_saver.py:67] 		loading TF pretrained parameters trpo_agent_policy/policy_0/w:0
[0425 14:52:04 @mujoco_parser.py:331] 17 joint found
[0425 14:52:04 @mujoco_parser.py:331] 15 body found
[0425 14:52:04 @mujoco_parser.py:489] scanning ob information...
[0425 14:52:04 @mujoco_parser.py:538] after qpos, the ob size is reaching 21
[0425 14:52:04 @mujoco_parser.py:538] after qvel, the ob size is reaching 43
[0425 14:52:04 @mujoco_parser.py:538] after cfrc, the ob size is reaching 139
[0425 14:52:04 @mujoco_parser.py:331] 35 joint found
[0425 14:52:04 @mujoco_parser.py:331] 30 body found
[0425 14:52:04 @mujoco_parser.py:489] scanning ob information...
[0425 14:52:04 @mujoco_parser.py:538] after qpos, the ob size is reaching 39
[0425 14:52:04 @mujoco_parser.py:538] after qvel, the ob size is reaching 79
[0425 14:52:04 @mujoco_parser.py:538] after cfrc, the ob size is reaching 265
[0425 14:52:04 @model_saver.py:67] 		loading TF pretrained parameters trpo_agent_policy/policy_0/b:0
[0425 14:52:04 @model_saver.py:67] 		loading TF pretrained parameters trpo_agent_policy/policy_1/w:0
[0425 14:52:04 @model_saver.py:67] 		loading TF pretrained parameters trpo_agent_policy/policy_1/b:0
[0425 14:52:04 @model_saver.py:67] 		loading TF pretrained parameters trpo_agent_policy/policy_output/w:0
[0425 14:52:04 @mujoco_parser.py:331] 17 joint found
[0425 14:52:04 @mujoco_parser.py:331] 15 body found
[0425 14:52:04 @mujoco_parser.py:489] scanning ob information...
[0425 14:52:04 @mujoco_parser.py:538] after qpos, the ob size is reaching 21
[0425 14:52:04 @mujoco_parser.py:538] after qvel, the ob size is reaching 43
[0425 14:52:04 @mujoco_parser.py:538] after cfrc, the ob size is reaching 139
[0425 14:52:04 @mujoco_parser.py:331] 35 joint found
[0425 14:52:04 @mujoco_parser.py:331] 30 body found
[0425 14:52:04 @mujoco_parser.py:489] scanning ob information...
[0425 14:52:04 @mujoco_parser.py:538] after qpos, the ob size is reaching 39
[0425 14:52:04 @mujoco_parser.py:538] after qvel, the ob size is reaching 79
[0425 14:52:04 @mujoco_parser.py:538] after cfrc, the ob size is reaching 265
[0425 14:52:04 @model_saver.py:67] 		loading TF pretrained parameters trpo_agent_policy/policy_output/b:0
[0425 14:52:04 @mujoco_parser.py:331] 17 joint found
[0425 14:52:04 @mujoco_parser.py:331] 15 body found
[0425 14:52:04 @mujoco_parser.py:489] scanning ob information...
[0425 14:52:04 @mujoco_parser.py:538] after qpos, the ob size is reaching 21
[0425 14:52:04 @mujoco_parser.py:538] after qvel, the ob size is reaching 43
[0425 14:52:04 @mujoco_parser.py:538] after cfrc, the ob size is reaching 139
[0425 14:52:04 @mujoco_parser.py:331] 35 joint found
[0425 14:52:04 @mujoco_parser.py:331] 30 body found
[0425 14:52:04 @mujoco_parser.py:489] scanning ob information...
[0425 14:52:04 @mujoco_parser.py:538] after qpos, the ob size is reaching 39
[0425 14:52:04 @mujoco_parser.py:538] after qvel, the ob size is reaching 79
[0425 14:52:04 @mujoco_parser.py:538] after cfrc, the ob size is reaching 265
[0425 14:52:04 @model_saver.py:67] 		loading TF pretrained parameters trpo_agent_policy/policy_logstd:0
[0425 14:52:04 @mujoco_parser.py:331] 17 joint found
[0425 14:52:04 @mujoco_parser.py:331] 15 body found
[0425 14:52:04 @mujoco_parser.py:489] scanning ob information...
[0425 14:52:04 @mujoco_parser.py:538] after qpos, the ob size is reaching 21
[0425 14:52:04 @mujoco_parser.py:538] after qvel, the ob size is reaching 43
[0425 14:52:04 @mujoco_parser.py:538] after cfrc, the ob size is reaching 139
[0425 14:52:04 @mujoco_parser.py:331] 35 joint found
[0425 14:52:04 @mujoco_parser.py:331] 30 body found
[0425 14:52:04 @mujoco_parser.py:489] scanning ob information...
[0425 14:52:04 @mujoco_parser.py:538] after qpos, the ob size is reaching 39
[0425 14:52:04 @mujoco_parser.py:538] after qvel, the ob size is reaching 79
[0425 14:52:04 @mujoco_parser.py:538] after cfrc, the ob size is reaching 265
[0425 14:52:04 @model_saver.py:253] [LOAD/SAVE] checkpoint path is checkpoint/cent6-mlp/CentipedeSix-v1_2023_04_25-01:31:08_2403_baseline.npy
[0425 14:52:04 @model_saver.py:58] 	LOADING tensorflow variables
[0425 14:52:04 @model_saver.py:67] 		loading TF pretrained parameters trpo_agent_baseline/policy_0/w:0
[0425 14:52:04 @model_saver.py:80] WRN Skipping variable: trpo_agent_baseline/policy_0/w:0
[0425 14:52:04 @model_saver.py:67] 		loading TF pretrained parameters trpo_agent_baseline/policy_0/b:0
[0425 14:52:04 @model_saver.py:67] 		loading TF pretrained parameters trpo_agent_baseline/policy_1/w:0
[0425 14:52:04 @model_saver.py:67] 		loading TF pretrained parameters trpo_agent_baseline/policy_1/b:0
[0425 14:52:04 @model_saver.py:67] 		loading TF pretrained parameters trpo_agent_baseline/policy_output/w:0
[0425 14:52:04 @model_saver.py:67] 		loading TF pretrained parameters trpo_agent_baseline/policy_output/b:0
[0425 14:52:04 @optimization_agent.py:553] [LOAD_CKPT] saving files under the name of cent6-mlp/CentipedeSix-v1_2023_04_25-01:31:08_2403
[0425 14:52:04 @optimization_agent.py:557] [LOAD_CKPT] The normalizer is loaded in the rollout agents
[0425 14:52:06 @rollout_master_agent.py:119] Rollouts generating ...
[0425 14:52:06 @rollout_master_agent.py:121] 1480 time steps from 100 episodes collected
[0425 14:52:06 @optimization_agent.py:130] {'avg_reward': 5.202795486476224}
[0425 14:52:06 @main.py:77] ------------- Iteration 0 --------------
[0425 14:52:06 @main.py:80] total time: 0.02 mins
[0425 14:52:06 @main.py:82] optimization agent spent : 0.00 mins
[0425 14:52:06 @main.py:83] rollout agent spent : 0.02 mins
[0425 14:52:06 @main.py:85] 1000100 total steps have happened
[0425 14:52:06 @main.py:95] Test performance (100 rollouts): 5.202795486476224
[0425 14:52:06 @main.py:102] max: 38.213043662084885, min: -7.6447599775806445, median: 4.363513134465382
[0425 14:52:06 @rollout_agent.py:88] kill message for sampler 8
[0425 14:52:06 @rollout_agent.py:88] kill message for sampler 1
[0425 14:52:06 @rollout_agent.py:88] kill message for sampler 3
[0425 14:52:06 @rollout_agent.py:88] kill message for sampler 4
[0425 14:52:06 @rollout_agent.py:88] kill message for sampler 7
[0425 14:52:06 @rollout_agent.py:88] kill message for sampler 6
[0425 14:52:06 @rollout_agent.py:88] kill message for sampler 2
[0425 14:52:06 @rollout_agent.py:88] kill message for sampler 5
[0425 14:52:06 @rollout_agent.py:88] kill message for sampler 0
