[0425 18:53:53 @logger.py:82] Log file set to /Users/semo/PycharmProjects/NerveNet/log/mujoco_CentipedeTwenty-v12023_04_25-18:53:51.log
[0425 18:53:53 @rollout_master_agent.py:155] [LOAD_CKPT] loading observation normalizer info
[0425 18:53:53 @model_saver.py:253] [LOAD/SAVE] checkpoint path is /Users/semo/PycharmProjects/NerveNet/tool/../checkpoint/cent6-gnn-1-layer/CentipedeSix-v1_2023_04_24-17:28:44_2438_normalizer.npy
[0425 18:53:53 @model_saver.py:146] LOADING numpy variables
[0425 18:53:53 @model_saver.py:155] 		loading numpy pretrained parameters mean
[0425 18:53:53 @model_saver.py:155] 		loading numpy pretrained parameters variance
[0425 18:53:53 @model_saver.py:155] 		loading numpy pretrained parameters step
[0425 18:53:53 @model_saver.py:155] 		loading numpy pretrained parameters square_sum
[0425 18:53:53 @model_saver.py:155] 		loading numpy pretrained parameters sum
[0425 18:53:53 @mujoco_parser.py:331] 17 joint found
[0425 18:53:53 @mujoco_parser.py:331] 15 body found
[0425 18:53:53 @mujoco_parser.py:489] scanning ob information...
[0425 18:53:53 @mujoco_parser.py:538] after qpos, the ob size is reaching 21
[0425 18:53:53 @mujoco_parser.py:538] after qvel, the ob size is reaching 43
[0425 18:53:53 @mujoco_parser.py:538] after cfrc, the ob size is reaching 139
[0425 18:53:53 @mujoco_parser.py:331] 59 joint found
[0425 18:53:53 @summary_handler.py:44] summary write initialized, writing to /Users/semo/PycharmProjects/NerveNet/summary/CentipedeTwenty-v1_2023_04_25-18:53:51
[0425 18:53:53 @mujoco_parser.py:331] 50 body found
[0425 18:53:53 @gated_graph_policy_network.py:79] Network shape is [64, 64]
[0425 18:53:53 @mujoco_parser.py:489] scanning ob information...
[0425 18:53:53 @mujoco_parser.py:538] after qpos, the ob size is reaching 63
[0425 18:53:53 @mujoco_parser.py:538] after qvel, the ob size is reaching 127
[0425 18:53:53 @mujoco_parser.py:538] after cfrc, the ob size is reaching 433
[0425 18:53:53 @rollout_agent.py:55] The sampler 0 is online
[0425 18:53:53 @rollout_agent.py:55] The sampler 1 is online
[0425 18:53:53 @rollout_agent.py:55] The sampler 2 is online
[0425 18:53:53 @rollout_agent.py:55] The sampler 3 is online
[0425 18:53:53 @rollout_agent.py:55] The sampler 4 is online
[0425 18:53:53 @rollout_agent.py:55] The sampler 5 is online
[0425 18:53:53 @rollout_agent.py:55] The sampler 6 is online
[0425 18:53:53 @rollout_agent.py:55] The sampler 7 is online
[0425 18:53:53 @rollout_agent.py:55] The sampler 8 is online
[0425 18:53:53 @mujoco_parser.py:331] 59 joint found
[0425 18:53:53 @mujoco_parser.py:331] 50 body found
[0425 18:53:53 @mujoco_parser.py:489] scanning ob information...
[0425 18:53:53 @mujoco_parser.py:538] after qpos, the ob size is reaching 63
[0425 18:53:53 @mujoco_parser.py:538] after qvel, the ob size is reaching 127
[0425 18:53:53 @mujoco_parser.py:538] after cfrc, the ob size is reaching 433
[0425 18:53:53 @gated_graph_policy_network.py:79] Network shape is [64, 64]
[0425 18:53:53 @gated_graph_policy_network.py:79] Network shape is [64, 64]
[0425 18:53:53 @gated_graph_policy_network.py:79] Network shape is [64, 64]
[0425 18:53:53 @gated_graph_policy_network.py:79] Network shape is [64, 64]
[0425 18:53:53 @gated_graph_policy_network.py:79] Network shape is [64, 64]
[0425 18:53:53 @gated_graph_policy_network.py:79] Network shape is [64, 64]
[0425 18:53:53 @gated_graph_policy_network.py:79] Network shape is [64, 64]
[0425 18:53:53 @gated_graph_policy_network.py:79] Network shape is [64, 64]
[0425 18:53:53 @gated_graph_policy_network.py:79] Network shape is [64, 64]
[0425 18:53:53 @mujoco_parser.py:331] 59 joint found
[0425 18:53:53 @mujoco_parser.py:331] 50 body found
[0425 18:53:53 @mujoco_parser.py:331] 59 joint found
[0425 18:53:53 @mujoco_parser.py:331] 59 joint found
[0425 18:53:53 @mujoco_parser.py:331] 50 body found
[0425 18:53:53 @mujoco_parser.py:331] 50 body found
[0425 18:53:53 @mujoco_parser.py:489] scanning ob information...
[0425 18:53:53 @mujoco_parser.py:538] after qpos, the ob size is reaching 63
[0425 18:53:53 @mujoco_parser.py:489] scanning ob information...
[0425 18:53:53 @mujoco_parser.py:331] 59 joint found
[0425 18:53:53 @mujoco_parser.py:538] after qvel, the ob size is reaching 127
[0425 18:53:53 @mujoco_parser.py:538] after qpos, the ob size is reaching 63
[0425 18:53:53 @mujoco_parser.py:331] 50 body found
[0425 18:53:53 @mujoco_parser.py:538] after cfrc, the ob size is reaching 433
[0425 18:53:53 @mujoco_parser.py:331] 59 joint found
[0425 18:53:53 @mujoco_parser.py:538] after qvel, the ob size is reaching 127
[0425 18:53:53 @mujoco_parser.py:489] scanning ob information...
[0425 18:53:53 @mujoco_parser.py:331] 50 body found
[0425 18:53:53 @mujoco_parser.py:538] after cfrc, the ob size is reaching 433
[0425 18:53:53 @mujoco_parser.py:538] after qpos, the ob size is reaching 63
[0425 18:53:53 @mujoco_parser.py:538] after qvel, the ob size is reaching 127
[0425 18:53:53 @mujoco_parser.py:538] after cfrc, the ob size is reaching 433
[0425 18:53:53 @mujoco_parser.py:331] 59 joint found
[0425 18:53:53 @mujoco_parser.py:489] scanning ob information...
[0425 18:53:53 @mujoco_parser.py:331] 59 joint found
[0425 18:53:53 @mujoco_parser.py:331] 59 joint found
[0425 18:53:53 @mujoco_parser.py:538] after qpos, the ob size is reaching 63
[0425 18:53:53 @mujoco_parser.py:331] 50 body found
[0425 18:53:53 @mujoco_parser.py:331] 50 body found
[0425 18:53:53 @mujoco_parser.py:331] 50 body found
[0425 18:53:53 @mujoco_parser.py:538] after qvel, the ob size is reaching 127
[0425 18:53:53 @mujoco_parser.py:489] scanning ob information...
[0425 18:53:53 @mujoco_parser.py:538] after cfrc, the ob size is reaching 433
[0425 18:53:53 @mujoco_parser.py:538] after qpos, the ob size is reaching 63
[0425 18:53:53 @mujoco_parser.py:538] after qvel, the ob size is reaching 127
[0425 18:53:53 @mujoco_parser.py:538] after cfrc, the ob size is reaching 433
[0425 18:53:53 @mujoco_parser.py:489] scanning ob information...
[0425 18:53:53 @mujoco_parser.py:489] scanning ob information...
[0425 18:53:53 @mujoco_parser.py:538] after qpos, the ob size is reaching 63
[0425 18:53:53 @mujoco_parser.py:538] after qvel, the ob size is reaching 127
[0425 18:53:53 @mujoco_parser.py:331] 59 joint found
[0425 18:53:53 @mujoco_parser.py:538] after cfrc, the ob size is reaching 433
[0425 18:53:53 @mujoco_parser.py:538] after qpos, the ob size is reaching 63
[0425 18:53:53 @mujoco_parser.py:331] 50 body found
[0425 18:53:53 @mujoco_parser.py:538] after qvel, the ob size is reaching 127
[0425 18:53:53 @mujoco_parser.py:538] after cfrc, the ob size is reaching 433
[0425 18:53:53 @mujoco_parser.py:489] scanning ob information...
[0425 18:53:53 @mujoco_parser.py:538] after qpos, the ob size is reaching 63
[0425 18:53:53 @mujoco_parser.py:538] after qvel, the ob size is reaching 127
[0425 18:53:53 @mujoco_parser.py:538] after cfrc, the ob size is reaching 433
[0425 18:53:53 @mujoco_parser.py:489] scanning ob information...
[0425 18:53:53 @mujoco_parser.py:538] after qpos, the ob size is reaching 63
[0425 18:53:53 @mujoco_parser.py:538] after qvel, the ob size is reaching 127
[0425 18:53:53 @mujoco_parser.py:538] after cfrc, the ob size is reaching 433
[0425 18:53:54 @gated_graph_policy_network.py:343] building prop mlp for edge type [1]
[0425 18:53:54 @gated_graph_policy_network.py:343] building prop mlp for edge type [1]
[0425 18:53:54 @gated_graph_policy_network.py:343] building prop mlp for edge type [1]
[0425 18:53:54 @gated_graph_policy_network.py:343] building prop mlp for edge type [1]
[0425 18:53:54 @gated_graph_policy_network.py:343] building prop mlp for edge type [1]
[0425 18:53:54 @gated_graph_policy_network.py:343] building prop mlp for edge type [1]
[0425 18:53:54 @gated_graph_policy_network.py:343] building prop mlp for edge type [1]
[0425 18:53:54 @gated_graph_policy_network.py:343] building prop mlp for edge type [1]
[0425 18:53:54 @gated_graph_policy_network.py:343] building prop mlp for edge type [1]
[0425 18:53:54 @gated_graph_policy_network.py:343] building prop mlp for edge type [1]
[0425 18:53:54 @gated_graph_policy_network.py:374] building node update function for node type {'root': [0], 'joint': [1, 2, 3, 4, 5, 6, 7, 8, 9, 10, 11, 12, 13, 14, 15, 16, 17, 18, 19, 20, 21, 22, 23, 24, 25, 26, 27, 28, 29, 30, 31, 32, 33, 34, 35, 36, 37, 38, 39, 40, 41, 42, 43, 44, 45, 46, 47, 48, 49, 50, 51, 52, 53, 54, 55, 56, 57, 58]}
[0425 18:53:54 @gated_graph_policy_network.py:374] building node update function for node type {'root': [0], 'joint': [1, 2, 3, 4, 5, 6, 7, 8, 9, 10, 11, 12, 13, 14, 15, 16, 17, 18, 19, 20, 21, 22, 23, 24, 25, 26, 27, 28, 29, 30, 31, 32, 33, 34, 35, 36, 37, 38, 39, 40, 41, 42, 43, 44, 45, 46, 47, 48, 49, 50, 51, 52, 53, 54, 55, 56, 57, 58]}
[0425 18:53:54 @gated_graph_policy_network.py:374] building node update function for node type {'root': [0], 'joint': [1, 2, 3, 4, 5, 6, 7, 8, 9, 10, 11, 12, 13, 14, 15, 16, 17, 18, 19, 20, 21, 22, 23, 24, 25, 26, 27, 28, 29, 30, 31, 32, 33, 34, 35, 36, 37, 38, 39, 40, 41, 42, 43, 44, 45, 46, 47, 48, 49, 50, 51, 52, 53, 54, 55, 56, 57, 58]}
[0425 18:53:54 @gated_graph_policy_network.py:374] building node update function for node type {'root': [0], 'joint': [1, 2, 3, 4, 5, 6, 7, 8, 9, 10, 11, 12, 13, 14, 15, 16, 17, 18, 19, 20, 21, 22, 23, 24, 25, 26, 27, 28, 29, 30, 31, 32, 33, 34, 35, 36, 37, 38, 39, 40, 41, 42, 43, 44, 45, 46, 47, 48, 49, 50, 51, 52, 53, 54, 55, 56, 57, 58]}
[0425 18:53:54 @gated_graph_policy_network.py:374] building node update function for node type {'root': [0], 'joint': [1, 2, 3, 4, 5, 6, 7, 8, 9, 10, 11, 12, 13, 14, 15, 16, 17, 18, 19, 20, 21, 22, 23, 24, 25, 26, 27, 28, 29, 30, 31, 32, 33, 34, 35, 36, 37, 38, 39, 40, 41, 42, 43, 44, 45, 46, 47, 48, 49, 50, 51, 52, 53, 54, 55, 56, 57, 58]}
[0425 18:53:54 @gated_graph_policy_network.py:374] building node update function for node type {'root': [0], 'joint': [1, 2, 3, 4, 5, 6, 7, 8, 9, 10, 11, 12, 13, 14, 15, 16, 17, 18, 19, 20, 21, 22, 23, 24, 25, 26, 27, 28, 29, 30, 31, 32, 33, 34, 35, 36, 37, 38, 39, 40, 41, 42, 43, 44, 45, 46, 47, 48, 49, 50, 51, 52, 53, 54, 55, 56, 57, 58]}
[0425 18:53:54 @gated_graph_policy_network.py:374] building node update function for node type {'root': [0], 'joint': [1, 2, 3, 4, 5, 6, 7, 8, 9, 10, 11, 12, 13, 14, 15, 16, 17, 18, 19, 20, 21, 22, 23, 24, 25, 26, 27, 28, 29, 30, 31, 32, 33, 34, 35, 36, 37, 38, 39, 40, 41, 42, 43, 44, 45, 46, 47, 48, 49, 50, 51, 52, 53, 54, 55, 56, 57, 58]}
[0425 18:53:54 @gated_graph_policy_network.py:374] building node update function for node type {'root': [0], 'joint': [1, 2, 3, 4, 5, 6, 7, 8, 9, 10, 11, 12, 13, 14, 15, 16, 17, 18, 19, 20, 21, 22, 23, 24, 25, 26, 27, 28, 29, 30, 31, 32, 33, 34, 35, 36, 37, 38, 39, 40, 41, 42, 43, 44, 45, 46, 47, 48, 49, 50, 51, 52, 53, 54, 55, 56, 57, 58]}
[0425 18:53:54 @gated_graph_policy_network.py:374] building node update function for node type {'root': [0], 'joint': [1, 2, 3, 4, 5, 6, 7, 8, 9, 10, 11, 12, 13, 14, 15, 16, 17, 18, 19, 20, 21, 22, 23, 24, 25, 26, 27, 28, 29, 30, 31, 32, 33, 34, 35, 36, 37, 38, 39, 40, 41, 42, 43, 44, 45, 46, 47, 48, 49, 50, 51, 52, 53, 54, 55, 56, 57, 58]}
[0425 18:53:54 @gated_graph_policy_network.py:374] building node update function for node type {'root': [0], 'joint': [1, 2, 3, 4, 5, 6, 7, 8, 9, 10, 11, 12, 13, 14, 15, 16, 17, 18, 19, 20, 21, 22, 23, 24, 25, 26, 27, 28, 29, 30, 31, 32, 33, 34, 35, 36, 37, 38, 39, 40, 41, 42, 43, 44, 45, 46, 47, 48, 49, 50, 51, 52, 53, 54, 55, 56, 57, 58]}
[0425 18:53:56 @graph_data_util.py:85] Building new send_idx and receive_idx for the model, current batch size: 64
[0425 18:53:56 @model_saver.py:253] [LOAD/SAVE] checkpoint path is checkpoint/cent6-gnn-1-layer/CentipedeSix-v1_2023_04_24-17:28:44_2438_policy.npy
[0425 18:53:56 @model_saver.py:58] 	LOADING tensorflow variables
[0425 18:53:56 @model_saver.py:67] 		loading TF pretrained parameters trpo_agent_policy/embedding_HALF:0
[0425 18:53:56 @model_saver.py:67] 		loading TF pretrained parameters trpo_agent_policy/MLP_embedding_node_type_root/layer_0/w:0
[0425 18:53:56 @model_saver.py:67] 		loading TF pretrained parameters trpo_agent_policy/MLP_embedding_node_type_root/layer_0/b:0
[0425 18:53:56 @model_saver.py:67] 		loading TF pretrained parameters trpo_agent_policy/MLP_embedding_node_type_joint/layer_0/w:0
[0425 18:53:56 @model_saver.py:67] 		loading TF pretrained parameters trpo_agent_policy/MLP_embedding_node_type_joint/layer_0/b:0
[0425 18:53:56 @model_saver.py:67] 		loading TF pretrained parameters trpo_agent_policy_1/MLP_prop_edge_1/layer_0/w:0
[0425 18:53:56 @model_saver.py:67] 		loading TF pretrained parameters trpo_agent_policy_1/MLP_prop_edge_1/layer_0/b:0
[0425 18:53:56 @model_saver.py:67] 		loading TF pretrained parameters trpo_agent_policy_1/MLP_prop_edge_1/layer_1/w:0
[0425 18:53:56 @model_saver.py:67] 		loading TF pretrained parameters trpo_agent_policy_1/MLP_prop_edge_1/layer_1/b:0
[0425 18:53:56 @model_saver.py:67] 		loading TF pretrained parameters trpo_agent_policy_1/MLP_prop_edge_1/layer_2/w:0
[0425 18:53:56 @model_saver.py:67] 		loading TF pretrained parameters trpo_agent_policy_1/MLP_prop_edge_1/layer_2/b:0
[0425 18:53:56 @model_saver.py:67] 		loading TF pretrained parameters trpo_agent_policy_1/GRU_node_root/w_xi:0
[0425 18:53:56 @model_saver.py:67] 		loading TF pretrained parameters trpo_agent_policy_1/GRU_node_root/w_hi:0
[0425 18:53:56 @model_saver.py:67] 		loading TF pretrained parameters trpo_agent_policy_1/GRU_node_root/b_i:0
[0425 18:53:56 @model_saver.py:67] 		loading TF pretrained parameters trpo_agent_policy_1/GRU_node_root/w_xr:0
[0425 18:53:57 @model_saver.py:67] 		loading TF pretrained parameters trpo_agent_policy_1/GRU_node_root/w_hr:0
[0425 18:53:57 @model_saver.py:67] 		loading TF pretrained parameters trpo_agent_policy_1/GRU_node_root/b_r:0
[0425 18:53:57 @model_saver.py:67] 		loading TF pretrained parameters trpo_agent_policy_1/GRU_node_root/w_xu:0
[0425 18:53:57 @model_saver.py:67] 		loading TF pretrained parameters trpo_agent_policy_1/GRU_node_root/w_hu:0
[0425 18:53:57 @model_saver.py:67] 		loading TF pretrained parameters trpo_agent_policy_1/GRU_node_root/b_u:0
[0425 18:53:57 @model_saver.py:67] 		loading TF pretrained parameters trpo_agent_policy_1/GRU_node_joint/w_xi:0
[0425 18:53:57 @model_saver.py:67] 		loading TF pretrained parameters trpo_agent_policy_1/GRU_node_joint/w_hi:0
[0425 18:53:57 @model_saver.py:67] 		loading TF pretrained parameters trpo_agent_policy_1/GRU_node_joint/b_i:0
[0425 18:53:57 @model_saver.py:67] 		loading TF pretrained parameters trpo_agent_policy_1/GRU_node_joint/w_xr:0
[0425 18:53:57 @model_saver.py:67] 		loading TF pretrained parameters trpo_agent_policy_1/GRU_node_joint/w_hr:0
[0425 18:53:57 @model_saver.py:67] 		loading TF pretrained parameters trpo_agent_policy_1/GRU_node_joint/b_r:0
[0425 18:53:57 @model_saver.py:67] 		loading TF pretrained parameters trpo_agent_policy_1/GRU_node_joint/w_xu:0
[0425 18:53:57 @model_saver.py:67] 		loading TF pretrained parameters trpo_agent_policy_1/GRU_node_joint/w_hu:0
[0425 18:53:57 @model_saver.py:67] 		loading TF pretrained parameters trpo_agent_policy_1/GRU_node_joint/b_u:0
[0425 18:53:57 @model_saver.py:67] 		loading TF pretrained parameters trpo_agent_policy_1/MLP_out/layer_0/w:0
[0425 18:53:58 @model_saver.py:67] 		loading TF pretrained parameters trpo_agent_policy_1/MLP_out/layer_0/b:0
[0425 18:53:58 @model_saver.py:67] 		loading TF pretrained parameters trpo_agent_policy_1/MLP_out/layer_1/w:0
[0425 18:53:58 @model_saver.py:67] 		loading TF pretrained parameters trpo_agent_policy_1/MLP_out/layer_1/b:0
[0425 18:53:58 @model_saver.py:67] 		loading TF pretrained parameters trpo_agent_policy_1/MLP_out/layer_2/w:0
[0425 18:53:58 @model_saver.py:67] 		loading TF pretrained parameters trpo_agent_policy_1/MLP_out/layer_2/b:0
[0425 18:53:58 @model_saver.py:67] 		loading TF pretrained parameters trpo_agent_policy_1/trpo_agent_policy/policy_logstd:0
[0425 18:53:58 @mujoco_parser.py:331] 17 joint found
[0425 18:53:58 @mujoco_parser.py:331] 15 body found
[0425 18:53:58 @mujoco_parser.py:489] scanning ob information...
[0425 18:53:58 @mujoco_parser.py:538] after qpos, the ob size is reaching 21
[0425 18:53:58 @mujoco_parser.py:538] after qvel, the ob size is reaching 43
[0425 18:53:58 @mujoco_parser.py:538] after cfrc, the ob size is reaching 139
[0425 18:53:58 @mujoco_parser.py:331] 59 joint found
[0425 18:53:58 @mujoco_parser.py:331] 50 body found
[0425 18:53:58 @mujoco_parser.py:489] scanning ob information...
[0425 18:53:58 @mujoco_parser.py:538] after qpos, the ob size is reaching 63
[0425 18:53:58 @mujoco_parser.py:538] after qvel, the ob size is reaching 127
[0425 18:53:58 @mujoco_parser.py:538] after cfrc, the ob size is reaching 433
[0425 18:53:58 @model_saver.py:253] [LOAD/SAVE] checkpoint path is checkpoint/cent6-gnn-1-layer/CentipedeSix-v1_2023_04_24-17:28:44_2438_baseline.npy
[0425 18:53:58 @model_saver.py:58] 	LOADING tensorflow variables
[0425 18:53:58 @model_saver.py:67] 		loading TF pretrained parameters trpo_agent_baseline/policy_0/w:0
[0425 18:53:58 @model_saver.py:80] WRN Skipping variable: trpo_agent_baseline/policy_0/w:0
[0425 18:53:58 @model_saver.py:67] 		loading TF pretrained parameters trpo_agent_baseline/policy_0/b:0
[0425 18:53:58 @model_saver.py:67] 		loading TF pretrained parameters trpo_agent_baseline/policy_1/w:0
[0425 18:53:58 @model_saver.py:67] 		loading TF pretrained parameters trpo_agent_baseline/policy_1/b:0
[0425 18:53:58 @model_saver.py:67] 		loading TF pretrained parameters trpo_agent_baseline/policy_output/w:0
[0425 18:53:58 @model_saver.py:67] 		loading TF pretrained parameters trpo_agent_baseline/policy_output/b:0
[0425 18:53:58 @optimization_agent.py:553] [LOAD_CKPT] saving files under the name of cent6-gnn-1-layer/CentipedeSix-v1_2023_04_24-17:28:44_2438
[0425 18:53:58 @optimization_agent.py:557] [LOAD_CKPT] The normalizer is loaded in the rollout agents
[0425 18:53:59 @graph_data_util.py:85] Building new send_idx and receive_idx for the model, current batch size: 1
[0425 18:53:59 @graph_data_util.py:85] Building new send_idx and receive_idx for the model, current batch size: 1
[0425 18:53:59 @graph_data_util.py:85] Building new send_idx and receive_idx for the model, current batch size: 1
[0425 18:53:59 @graph_data_util.py:85] Building new send_idx and receive_idx for the model, current batch size: 1
[0425 18:53:59 @graph_data_util.py:85] Building new send_idx and receive_idx for the model, current batch size: 1
[0425 18:53:59 @graph_data_util.py:85] Building new send_idx and receive_idx for the model, current batch size: 1
[0425 18:53:59 @graph_data_util.py:85] Building new send_idx and receive_idx for the model, current batch size: 1
[0425 18:53:59 @graph_data_util.py:85] Building new send_idx and receive_idx for the model, current batch size: 1
[0425 18:53:59 @graph_data_util.py:85] Building new send_idx and receive_idx for the model, current batch size: 1
[0425 18:54:07 @rollout_master_agent.py:119] Rollouts generating ...
[0425 18:54:07 @rollout_master_agent.py:121] 9388 time steps from 100 episodes collected
[0425 18:54:08 @optimization_agent.py:130] {'avg_reward': 95.04825465519822}
[0425 18:54:08 @main.py:77] ------------- Iteration 0 --------------
[0425 18:54:08 @main.py:80] total time: 0.16 mins
[0425 18:54:08 @main.py:82] optimization agent spent : 0.01 mins
[0425 18:54:08 @main.py:83] rollout agent spent : 0.15 mins
[0425 18:54:08 @main.py:85] 1000100 total steps have happened
[0425 18:54:08 @main.py:95] Test performance (100 rollouts): 95.04825465519822
[0425 18:54:08 @rollout_agent.py:88] kill message for sampler 0
[0425 18:54:08 @rollout_agent.py:88] kill message for sampler 3
[0425 18:54:08 @rollout_agent.py:88] kill message for sampler 6
[0425 18:54:08 @rollout_agent.py:88] kill message for sampler 2
[0425 18:54:08 @rollout_agent.py:88] kill message for sampler 4
[0425 18:54:08 @rollout_agent.py:88] kill message for sampler 7
[0425 18:54:08 @rollout_agent.py:88] kill message for sampler 5
[0425 18:54:08 @rollout_agent.py:88] kill message for sampler 1
[0425 18:54:08 @rollout_agent.py:88] kill message for sampler 8
[0425 18:54:08 @main.py:102] max: 750.515259777284, min: -22.77570443306752, median: 66.73690577849493
